<?xml version="1.0" encoding="UTF-8"?>
<!-- Generated by org.testng.reporters.JUnitReportReporter -->
<testsuite hostname="DESKTOP-CFSKSBJ" failures="0" tests="3" name="testCases.TC004_SearchProductTest" time="2.236" errors="0" timestamp="2024-09-15T16:34:42 IST" skipped="0">
  <testcase classname="testCases.TC004_SearchProductTest" name="verify_productSearch" time="0.766"/>
  <testcase classname="testCases.TC004_SearchProductTest" name="verify_productSearch" time="0.777"/>
  <testcase classname="testCases.TC004_SearchProductTest" name="verify_productSearch" time="0.693"/>
</testsuite> <!-- testCases.TC004_SearchProductTest -->
