<?xml version="1.0" encoding="UTF-8"?>
<!-- Generated by org.testng.reporters.JUnitReportReporter -->
<testsuite hostname="DESKTOP-CFSKSBJ" failures="0" tests="5" name="testCases.TC003_LoginDDT" time="46.136" errors="0" timestamp="2024-09-15T15:59:29 IST" skipped="0">
  <testcase classname="testCases.TC003_LoginDDT" name="verify_loginDDT" time="1.914"/>
  <testcase classname="testCases.TC003_LoginDDT" name="verify_loginDDT" time="11.031"/>
  <testcase classname="testCases.TC003_LoginDDT" name="verify_loginDDT" time="11.067"/>
  <testcase classname="testCases.TC003_LoginDDT" name="verify_loginDDT" time="11.134"/>
  <testcase classname="testCases.TC003_LoginDDT" name="verify_loginDDT" time="10.990"/>
</testsuite> <!-- testCases.TC003_LoginDDT -->
