<?xml version="1.0" encoding="UTF-8"?>
<!-- Generated by org.testng.reporters.JUnitReportReporter -->
<testsuite hostname="DESKTOP-CFSKSBJ" failures="0" tests="5" name="testCases.TC003_LoginDDT" time="46.122" errors="0" timestamp="2024-09-14T11:06:52 IST" skipped="0">
  <testcase classname="testCases.TC003_LoginDDT" name="verify_loginDDT" time="11.064"/>
  <testcase classname="testCases.TC003_LoginDDT" name="verify_loginDDT" time="11.024"/>
  <testcase classname="testCases.TC003_LoginDDT" name="verify_loginDDT" time="1.977"/>
  <testcase classname="testCases.TC003_LoginDDT" name="verify_loginDDT" time="11.025"/>
  <testcase classname="testCases.TC003_LoginDDT" name="verify_loginDDT" time="11.032"/>
</testsuite> <!-- testCases.TC003_LoginDDT -->
