<?xml version="1.0" encoding="UTF-8"?>
<!-- Generated by org.testng.reporters.JUnitReportReporter -->
<testsuite hostname="DESKTOP-CFSKSBJ" failures="0" tests="3" name="testCases.TC002_LoginTest" time="4.471" errors="0" timestamp="2024-09-13T21:30:55 IST" skipped="0">
  <testcase classname="testCases.TC002_LoginTest" name="verify_login" time="1.415"/>
  <testcase classname="testCases.TC002_LoginTest" name="verify_login" time="1.482"/>
  <testcase classname="testCases.TC002_LoginTest" name="verify_login" time="1.574"/>
</testsuite> <!-- testCases.TC002_LoginTest -->
