<?xml version="1.0" encoding="UTF-8"?>
<!-- Generated by org.testng.reporters.JUnitReportReporter -->
<testsuite hostname="DESKTOP-CFSKSBJ" failures="0" tests="15" name="testCases.TC003_LoginDDT" time="138.121" errors="0" timestamp="2024-09-15T16:34:42 IST" skipped="0">
  <testcase classname="testCases.TC003_LoginDDT" name="verify_loginDDT" time="11.017"/>
  <testcase classname="testCases.TC003_LoginDDT" name="verify_loginDDT" time="10.922"/>
  <testcase classname="testCases.TC003_LoginDDT" name="verify_loginDDT" time="11.114"/>
  <testcase classname="testCases.TC003_LoginDDT" name="verify_loginDDT" time="11.062"/>
  <testcase classname="testCases.TC003_LoginDDT" name="verify_loginDDT" time="11.032"/>
  <testcase classname="testCases.TC003_LoginDDT" name="verify_loginDDT" time="11.107"/>
  <testcase classname="testCases.TC003_LoginDDT" name="verify_loginDDT" time="11.076"/>
  <testcase classname="testCases.TC003_LoginDDT" name="verify_loginDDT" time="1.907"/>
  <testcase classname="testCases.TC003_LoginDDT" name="verify_loginDDT" time="10.916"/>
  <testcase classname="testCases.TC003_LoginDDT" name="verify_loginDDT" time="11.021"/>
  <testcase classname="testCases.TC003_LoginDDT" name="verify_loginDDT" time="10.984"/>
  <testcase classname="testCases.TC003_LoginDDT" name="verify_loginDDT" time="1.964"/>
  <testcase classname="testCases.TC003_LoginDDT" name="verify_loginDDT" time="11.030"/>
  <testcase classname="testCases.TC003_LoginDDT" name="verify_loginDDT" time="11.028"/>
  <testcase classname="testCases.TC003_LoginDDT" name="verify_loginDDT" time="1.941"/>
</testsuite> <!-- testCases.TC003_LoginDDT -->
