<?xml version="1.0" encoding="UTF-8"?>
<!-- Generated by org.testng.reporters.JUnitReportReporter -->
<testsuite hostname="DESKTOP-CFSKSBJ" failures="0" tests="3" name="testCases.TC002_LoginTest" time="4.183" errors="0" timestamp="2024-09-15T16:34:42 IST" skipped="0">
  <testcase classname="testCases.TC002_LoginTest" name="verify_login" time="1.441"/>
  <testcase classname="testCases.TC002_LoginTest" name="verify_login" time="1.392"/>
  <testcase classname="testCases.TC002_LoginTest" name="verify_login" time="1.350"/>
</testsuite> <!-- testCases.TC002_LoginTest -->
