<?xml version="1.0" encoding="UTF-8"?>
<!-- Generated by org.testng.reporters.JUnitReportReporter -->
<testsuite hostname="DESKTOP-CFSKSBJ" failures="0" tests="3" name="testCases.TC005_AddToCartPageTest" time="5.428" errors="0" timestamp="2024-09-15T16:34:42 IST" skipped="0">
  <testcase classname="testCases.TC005_AddToCartPageTest" name="verify_addCart" time="1.811"/>
  <testcase classname="testCases.TC005_AddToCartPageTest" name="verify_addCart" time="1.733"/>
  <testcase classname="testCases.TC005_AddToCartPageTest" name="verify_addCart" time="1.884"/>
</testsuite> <!-- testCases.TC005_AddToCartPageTest -->
