<?xml version="1.0" encoding="UTF-8"?>
<!-- Generated by org.testng.reporters.JUnitReportReporter -->
<testsuite hostname="DESKTOP-CFSKSBJ" failures="0" tests="1" name="testCases.TC005_AddToCartPageTest" time="1.998" errors="0" timestamp="2024-09-15T15:59:29 IST" skipped="0">
  <testcase classname="testCases.TC005_AddToCartPageTest" name="verify_addCart" time="1.998"/>
</testsuite> <!-- testCases.TC005_AddToCartPageTest -->
