<?xml version="1.0" encoding="UTF-8"?>
<!-- Generated by org.testng.reporters.JUnitReportReporter -->
<testsuite hostname="DESKTOP-CFSKSBJ" failures="0" tests="1" name="testCases.TC002_LoginTest" time="2.816" errors="0" timestamp="2024-09-14T13:27:33 IST" skipped="0">
  <testcase classname="testCases.TC002_LoginTest" name="verify_login" time="2.816"/>
</testsuite> <!-- testCases.TC002_LoginTest -->
